<?xml version="1.0" encoding="UTF-8"?>
<testng-results skipped="0" failed="0" ignored="0" total="1" passed="1">
  <reporter-output>
  </reporter-output>
  <suite name="Default suite" duration-ms="16181" started-at="2021-03-25T17:01:43 IST" finished-at="2021-03-25T17:01:59 IST">
    <groups>
    </groups>
    <test name="Default test" duration-ms="16181" started-at="2021-03-25T17:01:43 IST" finished-at="2021-03-25T17:01:59 IST">
      <class name="ReqresTestGet">
        <test-method status="PASS" signature="reqresWithoutBDDApproach()[pri:0, instance:ReqresTestGet@394e1a0f]" name="reqresWithoutBDDApproach" duration-ms="15938" started-at="2021-03-25T17:01:43 IST" finished-at="2021-03-25T17:01:59 IST">
          <reporter-output>
          </reporter-output>
        </test-method> <!-- reqresWithoutBDDApproach -->
      </class> <!-- ReqresTestGet -->
    </test> <!-- Default test -->
  </suite> <!-- Default suite -->
</testng-results>
